#
# There is insufficient memory for the Java Runtime Environment to continue.
# Native memory allocation (mmap) failed to map 201326592 bytes for Failed to commit area from 0x0000000740800000 to 0x000000074c800000 of length 201326592.
# Possible reasons:
#   The system is out of physical RAM or swap space
#   The process is running with CompressedOops enabled, and the Java Heap may be blocking the growth of the native heap
# Possible solutions:
#   Reduce memory load on the system
#   Increase physical memory or swap space
#   Check if swap backing store is full
#   Decrease Java heap size (-Xmx/-Xms)
#   Decrease number of Java threads
#   Decrease Java thread stack sizes (-Xss)
#   Set larger code cache with -XX:ReservedCodeCacheSize=
# This output file may be truncated or incomplete.
#
#  Out of Memory Error (c:/BuildAgent/work/1eae4dac1d648407/src/hotspot/os/windows/os_windows.cpp:3296), pid=7984, tid=2872
#
# JRE version:  (11.0.6+8) (build )
# Java VM: OpenJDK 64-Bit Server VM (11.0.6+8-b765.25, mixed mode, sharing, tiered, compressed oops, g1 gc, windows-amd64)
# No core dump will be written. Minidumps are not enabled by default on client versions of Windows
#

---------------  S U M M A R Y ------------

Command Line: org.jetbrains.git4idea.http.GitAskPassApp Username for 'https://github.com': 

Host: AMD FX(tm)-6350 Six-Core Processor             , 6 cores, 11G,  Windows 10 , 64 bit Build 19041 (10.0.19041.1348)
Time: Tue Dec 28 21:33:56 2021 RTZ 2 (зима) elapsed time: 0 seconds (0d 0h 0m 0s)

---------------  T H R E A D  ---------------

Current thread (0x00000203ba20a000):  JavaThread "Unknown thread" [_thread_in_vm, id=2872, stack(0x000000b163b00000,0x000000b163c00000)]

Stack: [0x000000b163b00000,0x000000b163c00000]
Native frames: (J=compiled Java code, j=interpreted, Vv=VM code, C=native code)
V  [jvm.dll+0x5de3ca]
V  [jvm.dll+0x710ae5]
V  [jvm.dll+0x712005]
V  [jvm.dll+0x7126b3]
V  [jvm.dll+0x23e708]
V  [jvm.dll+0x5db874]
V  [jvm.dll+0x5d0aa5]
V  [jvm.dll+0x2fb0fb]
V  [jvm.dll+0x2fb06a]
V  [jvm.dll+0x2faf42]
V  [jvm.dll+0x2ffe16]
V  [jvm.dll+0x348723]
V  [jvm.dll+0x348e26]
V  [jvm.dll+0x348823]
V  [jvm.dll+0x2d58a8]
V  [jvm.dll+0x2d6a47]
V  [jvm.dll+0x6ef917]
V  [jvm.dll+0x6f110c]
V  [jvm.dll+0x355d69]
V  [jvm.dll+0x6d4afe]
V  [jvm.dll+0x3bf3d3]
V  [jvm.dll+0x3c1921]
C  [jli.dll+0x5363]
C  [ucrtbase.dll+0x21bb2]
C  [KERNEL32.DLL+0x17034]
C  [ntdll.dll+0x52651]


---------------  P R O C E S S  ---------------

Threads class SMR info:
_java_thread_list=0x00000203ba071730, length=0, elements={
}

Java Threads: ( => current thread )

Other Threads:
  0x00000203ba220800 GCTaskThread "GC Thread#0" [stack: 0x000000b163c00000,0x000000b163d00000] [id=6560]
  0x00000203ba268800 ConcurrentGCThread "G1 Main Marker" [stack: 0x000000b163d00000,0x000000b163e00000] [id=7064]
  0x00000203ba269800 ConcurrentGCThread "G1 Conc#0" [stack: 0x000000b163e00000,0x000000b163f00000] [id=7788]

[error occurred during error reporting (printing all threads), id 0xc0000005, EXCEPTION_ACCESS_VIOLATION (0xc0000005) at pc=0x00007ffe24706227]

VM state:not at safepoint (not fully initialized)

VM Mutex/Monitor currently owned by a thread:  ([mutex/lock_event])
[0x00000203ba207c50] Heap_lock - owner thread: 0x00000203ba20a000

Heap address: 0x0000000740800000, size: 3064 MB, Compressed Oops mode: Non-zero based: 0x0000000740800000
Narrow klass base: 0x0000000000000000, Narrow klass shift: 0

GC Heap History (0 events):
No events

Deoptimization events (0 events):
No events

Classes redefined (0 events):
No events

Internal exceptions (0 events):
No events

Events (2 events):
Event: 0.007 Loaded shared library D:\torfiles\JetBrains IntelliJ IDEA Ultimate 2020.1 x64\ideaIU-2020.1.windows\jbr\bin\zip.dll
Event: 0.007 Loaded shared library D:\torfiles\JetBrains IntelliJ IDEA Ultimate 2020.1 x64\ideaIU-2020.1.windows\jbr\bin\jimage.dll


Dynamic libraries:
0x00007ff61efc0000 - 0x00007ff61efca000 	D:\torfiles\JetBrains IntelliJ IDEA Ultimate 2020.1 x64\ideaIU-2020.1.windows\jbr\bin\java.exe
0x00007ffe698b0000 - 0x00007ffe69aa5000 	C:\WINDOWS\SYSTEM32\ntdll.dll
0x00007ffe68690000 - 0x00007ffe6874e000 	C:\WINDOWS\System32\KERNEL32.DLL
0x00007ffe66fc0000 - 0x00007ffe67288000 	C:\WINDOWS\System32\KERNELBASE.dll
0x00007ffe67500000 - 0x00007ffe67600000 	C:\WINDOWS\System32\ucrtbase.dll
0x00007ffe5c860000 - 0x00007ffe5c879000 	D:\torfiles\JetBrains IntelliJ IDEA Ultimate 2020.1 x64\ideaIU-2020.1.windows\jbr\bin\jli.dll
0x00007ffe584f0000 - 0x00007ffe58507000 	D:\torfiles\JetBrains IntelliJ IDEA Ultimate 2020.1 x64\ideaIU-2020.1.windows\jbr\bin\VCRUNTIME140.dll
0x00007ffe68200000 - 0x00007ffe683a1000 	C:\WINDOWS\System32\USER32.dll
0x00007ffe4efb0000 - 0x00007ffe4f24a000 	C:\WINDOWS\WinSxS\amd64_microsoft.windows.common-controls_6595b64144ccf1df_6.0.19041.1110_none_60b5254171f9507e\COMCTL32.dll
0x00007ffe67470000 - 0x00007ffe67492000 	C:\WINDOWS\System32\win32u.dll
0x00007ffe688b0000 - 0x00007ffe6894e000 	C:\WINDOWS\System32\msvcrt.dll
0x00007ffe68410000 - 0x00007ffe6843b000 	C:\WINDOWS\System32\GDI32.dll
0x00007ffe67630000 - 0x00007ffe6773d000 	C:\WINDOWS\System32\gdi32full.dll
0x00007ffe673d0000 - 0x00007ffe6746d000 	C:\WINDOWS\System32\msvcp_win.dll
0x00007ffe67a80000 - 0x00007ffe67ab0000 	C:\WINDOWS\System32\IMM32.DLL
0x00007ffe50b80000 - 0x00007ffe50c1d000 	D:\torfiles\JetBrains IntelliJ IDEA Ultimate 2020.1 x64\ideaIU-2020.1.windows\jbr\bin\msvcp140.dll
0x00007ffe24420000 - 0x00007ffe24edd000 	D:\torfiles\JetBrains IntelliJ IDEA Ultimate 2020.1 x64\ideaIU-2020.1.windows\jbr\bin\server\jvm.dll
0x00007ffe68540000 - 0x00007ffe685ec000 	C:\WINDOWS\System32\ADVAPI32.dll
0x00007ffe68440000 - 0x00007ffe684db000 	C:\WINDOWS\System32\sechost.dll
0x00007ffe69130000 - 0x00007ffe6925a000 	C:\WINDOWS\System32\RPCRT4.dll
0x00007ffe696b0000 - 0x00007ffe696b8000 	C:\WINDOWS\System32\PSAPI.DLL
0x00007ffe55b60000 - 0x00007ffe55b69000 	C:\WINDOWS\SYSTEM32\WSOCK32.dll
0x00007ffe5ec20000 - 0x00007ffe5ec47000 	C:\WINDOWS\SYSTEM32\WINMM.dll
0x00007ffe69510000 - 0x00007ffe6957b000 	C:\WINDOWS\System32\WS2_32.dll
0x00007ffe5fac0000 - 0x00007ffe5faca000 	C:\WINDOWS\SYSTEM32\VERSION.dll
0x00007ffe64df0000 - 0x00007ffe64e02000 	C:\WINDOWS\SYSTEM32\kernel.appcore.dll
0x00007ffe61890000 - 0x00007ffe618a1000 	D:\torfiles\JetBrains IntelliJ IDEA Ultimate 2020.1 x64\ideaIU-2020.1.windows\jbr\bin\verify.dll
0x00007ffe60a00000 - 0x00007ffe60be4000 	C:\WINDOWS\SYSTEM32\DBGHELP.DLL
0x00007ffe55b00000 - 0x00007ffe55b2c000 	C:\WINDOWS\SYSTEM32\dbgcore.DLL
0x00007ffe67290000 - 0x00007ffe67312000 	C:\WINDOWS\System32\bcryptPrimitives.dll
0x00007ffe5f920000 - 0x00007ffe5f949000 	D:\torfiles\JetBrains IntelliJ IDEA Ultimate 2020.1 x64\ideaIU-2020.1.windows\jbr\bin\java.dll
0x00007ffe5c840000 - 0x00007ffe5c858000 	D:\torfiles\JetBrains IntelliJ IDEA Ultimate 2020.1 x64\ideaIU-2020.1.windows\jbr\bin\zip.dll
0x00007ffe62a90000 - 0x00007ffe62a9b000 	D:\torfiles\JetBrains IntelliJ IDEA Ultimate 2020.1 x64\ideaIU-2020.1.windows\jbr\bin\jimage.dll

dbghelp: loaded successfully - version: 4.0.5 - missing functions: none
symbol engine: initialized successfully - sym options: 0x614 - pdb path: .;D:\torfiles\JetBrains IntelliJ IDEA Ultimate 2020.1 x64\ideaIU-2020.1.windows\jbr\bin;C:\WINDOWS\SYSTEM32;C:\WINDOWS\WinSxS\amd64_microsoft.windows.common-controls_6595b64144ccf1df_6.0.19041.1110_none_60b5254171f9507e;D:\torfiles\JetBrains IntelliJ IDEA Ultimate 2020.1 x64\ideaIU-2020.1.windows\jbr\bin\server

VM Arguments:
java_command: org.jetbrains.git4idea.http.GitAskPassApp Username for 'https://github.com': 
java_class_path (initial): D:/torfiles/JetBrains IntelliJ IDEA Ultimate 2020.1 x64/ideaIU-2020.1.windows/plugins/git4idea/lib/git4idea-rt.jar;D:/torfiles/JetBrains IntelliJ IDEA Ultimate 2020.1 x64/ideaIU-2020.1.windows/lib/xmlrpc-2.0.1.jar;D:/torfiles/JetBrains IntelliJ IDEA Ultimate 2020.1 x64/ideaIU-2020.1.windows/lib/commons-codec-1.14.jar;D:/torfiles/JetBrains IntelliJ IDEA Ultimate 2020.1 x64/ideaIU-2020.1.windows/lib/util.jar
Launcher Type: SUN_STANDARD

[Global flags]
     intx CICompilerCount                          = 3                                         {product} {ergonomic}
     uint ConcGCThreads                            = 2                                         {product} {ergonomic}
     uint G1ConcRefinementThreads                  = 6                                         {product} {ergonomic}
   size_t G1HeapRegionSize                         = 1048576                                   {product} {ergonomic}
    uintx GCDrainStackTargetSize                   = 64                                        {product} {ergonomic}
   size_t InitialHeapSize                          = 201326592                                 {product} {ergonomic}
   size_t MarkStackSize                            = 4194304                                   {product} {ergonomic}
   size_t MaxHeapSize                              = 3212836864                                {product} {ergonomic}
   size_t MinHeapDeltaBytes                        = 1048576                                   {product} {ergonomic}
    uintx NonNMethodCodeHeapSize                   = 5830732                                {pd product} {ergonomic}
    uintx NonProfiledCodeHeapSize                  = 122913754                              {pd product} {ergonomic}
    uintx ProfiledCodeHeapSize                     = 122913754                              {pd product} {ergonomic}
    uintx ReservedCodeCacheSize                    = 251658240                              {pd product} {ergonomic}
     bool SegmentedCodeCache                       = true                                      {product} {ergonomic}
     bool UseCompressedClassPointers               = true                                 {lp64_product} {ergonomic}
     bool UseCompressedOops                        = true                                 {lp64_product} {ergonomic}
     bool UseG1GC                                  = true                                      {product} {ergonomic}
     bool UseLargePagesIndividualAllocation        = false                                  {pd product} {ergonomic}

Logging:
Log output configuration:
 #0: stdout all=warning uptime,level,tags
 #1: stderr all=off uptime,level,tags

Environment Variables:
PATH=C:/Program Files/Git/mingw64/libexec/git-core;C:/Program Files/Git/mingw64/libexec/git-core;C:\Program Files\Git\mingw64\bin;C:\Program Files\Git\usr\bin;C:\Users\user\bin;C:\Program Files\AdoptOpenJDK\jdk-11.0.11.9-hotspot\bin;C:\WINDOWS\system32;C:\WINDOWS;C:\WINDOWS\System32\Wbem;C:\WINDOWS\System32\WindowsPowerShell\v1.0\;C:\WINDOWS\System32\OpenSSH\;C:\Program Files\Git\cmd;C:\Users\user\AppData\Local\Microsoft\WindowsApps;C:\Users\user\AppData\Local\Programs\Microsoft VS Code\bin;C:\Users\user\AppData\Local\GitHubDesktop\bin
USERNAME=user
DISPLAY=:0.0
OS=Windows_NT
PROCESSOR_IDENTIFIER=AMD64 Family 21 Model 2 Stepping 0, AuthenticAMD



---------------  S Y S T E M  ---------------

OS: Windows 10 , 64 bit Build 19041 (10.0.19041.1348)

CPU:total 6 (initial active 6) (6 cores per cpu, 1 threads per core) family 21 model 2 stepping 0, cmov, cx8, fxsr, mmx, sse, sse2, sse3, ssse3, sse4.1, sse4.2, popcnt, avx, aes, clmul, mmxext, 3dnowpref, lzcnt, sse4a, tsc, tscinvbit, tscinv, bmi1, fma

Memory: 4k page, system-wide physical 12252M (3547M free)
TotalPageFile size 14278M (AvailPageFile size 37M)
current process WorkingSet (physical memory assigned to process): 10M, peak: 10M
current process commit charge ("private bytes"): 56M, peak: 248M

vm_info: OpenJDK 64-Bit Server VM (11.0.6+8-b765.25) for windows-amd64 JRE (11.0.6+8-b765.25), built on Mar 30 2020 12:57:22 by "" with MS VC++ 14.0 (VS2015)

END.
