#
# There is insufficient memory for the Java Runtime Environment to continue.
# Native memory allocation (malloc) failed to allocate 524288 bytes for AllocateHeap
# Possible reasons:
#   The system is out of physical RAM or swap space
#   The process is running with CompressedOops enabled, and the Java Heap may be blocking the growth of the native heap
# Possible solutions:
#   Reduce memory load on the system
#   Increase physical memory or swap space
#   Check if swap backing store is full
#   Decrease Java heap size (-Xmx/-Xms)
#   Decrease number of Java threads
#   Decrease Java thread stack sizes (-Xss)
#   Set larger code cache with -XX:ReservedCodeCacheSize=
#   JVM is running with Zero Based Compressed Oops mode in which the Java heap is
#     placed in the first 32GB address space. The Java Heap base address is the
#     maximum limit for the native heap growth. Please use -XX:HeapBaseMinAddress
#     to set the Java Heap base and to place the Java Heap above 32GB virtual address.
# This output file may be truncated or incomplete.
#
#  Out of Memory Error (c:/BuildAgent/work/1eae4dac1d648407/src/hotspot/share/memory/allocation.cpp:46), pid=11936, tid=732
#
# JRE version:  (11.0.6+8) (build )
# Java VM: OpenJDK 64-Bit Server VM (11.0.6+8-b765.25, mixed mode, tiered, compressed oops, g1 gc, windows-amd64)
# No core dump will be written. Minidumps are not enabled by default on client versions of Windows
#

---------------  S U M M A R Y ------------

Command Line: org.jetbrains.git4idea.http.GitAskPassApp Password for 'https://AnBlag@github.com': 

Host: AMD FX(tm)-6350 Six-Core Processor             , 6 cores, 11G,  Windows 10 , 64 bit Build 19041 (10.0.19041.1348)
Time: Tue Dec 28 22:26:47 2021 RTZ 2 (зима) elapsed time: 0 seconds (0d 0h 0m 0s)

---------------  T H R E A D  ---------------

Current thread (0x0000013df9cb8000):  JavaThread "Unknown thread" [_thread_in_vm, id=732, stack(0x0000001129100000,0x0000001129200000)]

Stack: [0x0000001129100000,0x0000001129200000]
Native frames: (J=compiled Java code, j=interpreted, Vv=VM code, C=native code)
V  [jvm.dll+0x5de3ca]
V  [jvm.dll+0x710ae5]
V  [jvm.dll+0x712005]
V  [jvm.dll+0x7126b3]
V  [jvm.dll+0x23e708]
V  [jvm.dll+0xb0234]
V  [jvm.dll+0x66ce6f]
V  [jvm.dll+0x66ce07]
V  [jvm.dll+0x66cf8a]
V  [jvm.dll+0x6eee42]
V  [jvm.dll+0x6f1267]
V  [jvm.dll+0x355d69]
V  [jvm.dll+0x6d4afe]
V  [jvm.dll+0x3bf3d3]
V  [jvm.dll+0x3c1921]
C  [jli.dll+0x5363]
C  [ucrtbase.dll+0x21bb2]
C  [KERNEL32.DLL+0x17034]
C  [ntdll.dll+0x52651]


---------------  P R O C E S S  ---------------

Threads class SMR info:
_java_thread_list=0x0000013df9af1000, length=0, elements={
}

Java Threads: ( => current thread )

Other Threads:
  0x0000013df9cd0000 GCTaskThread "GC Thread#0" [stack: 0x0000001129200000,0x0000001129300000] [id=2244]
  0x0000013df9d1a800 ConcurrentGCThread "G1 Main Marker" [stack: 0x0000001129300000,0x0000001129400000] [id=9156]
  0x0000013df9d1c800 ConcurrentGCThread "G1 Conc#0" [stack: 0x0000001129400000,0x0000001129500000] [id=12800]
  0x0000013d987ae800 ConcurrentGCThread "G1 Refine#0" [stack: 0x0000001129500000,0x0000001129600000] [id=12928]
  0x0000013d987af800 ConcurrentGCThread "G1 Young RemSet Sampling" [stack: 0x0000001129600000,0x0000001129700000] [id=11940]

=>0x0000013df9cb8000 (exited) JavaThread "Unknown thread" [_thread_in_vm, id=732, stack(0x0000001129100000,0x0000001129200000)]

Threads with active compile tasks:

VM state:not at safepoint (not fully initialized)

VM Mutex/Monitor currently owned by a thread: None

Heap address: 0x0000000740800000, size: 3064 MB, Compressed Oops mode: Zero based, Oop shift amount: 3
Narrow klass base: 0x0000000800000000, Narrow klass shift: 0
Compressed class space size: 1073741824 Address: 0x0000000800000000

GC Heap History (0 events):
No events

Deoptimization events (0 events):
No events

Classes redefined (0 events):
No events

Internal exceptions (0 events):
No events

Events (2 events):
Event: 0.007 Loaded shared library D:\torfiles\JetBrains IntelliJ IDEA Ultimate 2020.1 x64\ideaIU-2020.1.windows\jbr\bin\zip.dll
Event: 0.008 Loaded shared library D:\torfiles\JetBrains IntelliJ IDEA Ultimate 2020.1 x64\ideaIU-2020.1.windows\jbr\bin\jimage.dll


Dynamic libraries:
0x00007ff76ea80000 - 0x00007ff76ea8a000 	D:\torfiles\JetBrains IntelliJ IDEA Ultimate 2020.1 x64\ideaIU-2020.1.windows\jbr\bin\java.exe
0x00007fff9af50000 - 0x00007fff9b145000 	C:\WINDOWS\SYSTEM32\ntdll.dll
0x00007fff991d0000 - 0x00007fff9928e000 	C:\WINDOWS\System32\KERNEL32.DLL
0x00007fff98660000 - 0x00007fff98928000 	C:\WINDOWS\System32\KERNELBASE.dll
0x00007fff98ce0000 - 0x00007fff98de0000 	C:\WINDOWS\System32\ucrtbase.dll
0x00007fff7aea0000 - 0x00007fff7aeb7000 	D:\torfiles\JetBrains IntelliJ IDEA Ultimate 2020.1 x64\ideaIU-2020.1.windows\jbr\bin\VCRUNTIME140.dll
0x00007fff90da0000 - 0x00007fff90db9000 	D:\torfiles\JetBrains IntelliJ IDEA Ultimate 2020.1 x64\ideaIU-2020.1.windows\jbr\bin\jli.dll
0x00007fff9a780000 - 0x00007fff9a921000 	C:\WINDOWS\System32\USER32.dll
0x00007fff98b10000 - 0x00007fff98b32000 	C:\WINDOWS\System32\win32u.dll
0x00007fff81140000 - 0x00007fff813da000 	C:\WINDOWS\WinSxS\amd64_microsoft.windows.common-controls_6595b64144ccf1df_6.0.19041.1110_none_60b5254171f9507e\COMCTL32.dll
0x00007fff997e0000 - 0x00007fff9980b000 	C:\WINDOWS\System32\GDI32.dll
0x00007fff9a9e0000 - 0x00007fff9aa7e000 	C:\WINDOWS\System32\msvcrt.dll
0x00007fff98bd0000 - 0x00007fff98cdd000 	C:\WINDOWS\System32\gdi32full.dll
0x00007fff98ef0000 - 0x00007fff98f8d000 	C:\WINDOWS\System32\msvcp_win.dll
0x00007fff99680000 - 0x00007fff996b0000 	C:\WINDOWS\System32\IMM32.DLL
0x00007fff3feb0000 - 0x00007fff3ff4d000 	D:\torfiles\JetBrains IntelliJ IDEA Ultimate 2020.1 x64\ideaIU-2020.1.windows\jbr\bin\msvcp140.dll
0x00007fff44d10000 - 0x00007fff457cd000 	D:\torfiles\JetBrains IntelliJ IDEA Ultimate 2020.1 x64\ideaIU-2020.1.windows\jbr\bin\server\jvm.dll
0x00007fff9a6c0000 - 0x00007fff9a76c000 	C:\WINDOWS\System32\ADVAPI32.dll
0x00007fff99130000 - 0x00007fff991cb000 	C:\WINDOWS\System32\sechost.dll
0x00007fff996b0000 - 0x00007fff997da000 	C:\WINDOWS\System32\RPCRT4.dll
0x00007fff9aa80000 - 0x00007fff9aa88000 	C:\WINDOWS\System32\PSAPI.DLL
0x00007fff86d50000 - 0x00007fff86d59000 	C:\WINDOWS\SYSTEM32\WSOCK32.dll
0x00007fff98f90000 - 0x00007fff98ffb000 	C:\WINDOWS\System32\WS2_32.dll
0x00007fff90ad0000 - 0x00007fff90af7000 	C:\WINDOWS\SYSTEM32\WINMM.dll
0x00007fff911c0000 - 0x00007fff911ca000 	C:\WINDOWS\SYSTEM32\VERSION.dll
0x00007fff96570000 - 0x00007fff96582000 	C:\WINDOWS\SYSTEM32\kernel.appcore.dll
0x00007fff90e00000 - 0x00007fff90e11000 	D:\torfiles\JetBrains IntelliJ IDEA Ultimate 2020.1 x64\ideaIU-2020.1.windows\jbr\bin\verify.dll
0x00007fff91f50000 - 0x00007fff92134000 	C:\WINDOWS\SYSTEM32\DBGHELP.DLL
0x00007fff86d00000 - 0x00007fff86d2c000 	C:\WINDOWS\SYSTEM32\dbgcore.DLL
0x00007fff98b40000 - 0x00007fff98bc2000 	C:\WINDOWS\System32\bcryptPrimitives.dll
0x00007fff90dd0000 - 0x00007fff90df9000 	D:\torfiles\JetBrains IntelliJ IDEA Ultimate 2020.1 x64\ideaIU-2020.1.windows\jbr\bin\java.dll
0x00007fff90d80000 - 0x00007fff90d98000 	D:\torfiles\JetBrains IntelliJ IDEA Ultimate 2020.1 x64\ideaIU-2020.1.windows\jbr\bin\zip.dll
0x00007fff90d70000 - 0x00007fff90d7b000 	D:\torfiles\JetBrains IntelliJ IDEA Ultimate 2020.1 x64\ideaIU-2020.1.windows\jbr\bin\jimage.dll

dbghelp: loaded successfully - version: 4.0.5 - missing functions: none
symbol engine: initialized successfully - sym options: 0x614 - pdb path: .;D:\torfiles\JetBrains IntelliJ IDEA Ultimate 2020.1 x64\ideaIU-2020.1.windows\jbr\bin;C:\WINDOWS\SYSTEM32;C:\WINDOWS\WinSxS\amd64_microsoft.windows.common-controls_6595b64144ccf1df_6.0.19041.1110_none_60b5254171f9507e;D:\torfiles\JetBrains IntelliJ IDEA Ultimate 2020.1 x64\ideaIU-2020.1.windows\jbr\bin\server

VM Arguments:
java_command: org.jetbrains.git4idea.http.GitAskPassApp Password for 'https://AnBlag@github.com': 
java_class_path (initial): D:/torfiles/JetBrains IntelliJ IDEA Ultimate 2020.1 x64/ideaIU-2020.1.windows/plugins/git4idea/lib/git4idea-rt.jar;D:/torfiles/JetBrains IntelliJ IDEA Ultimate 2020.1 x64/ideaIU-2020.1.windows/lib/xmlrpc-2.0.1.jar;D:/torfiles/JetBrains IntelliJ IDEA Ultimate 2020.1 x64/ideaIU-2020.1.windows/lib/commons-codec-1.14.jar;D:/torfiles/JetBrains IntelliJ IDEA Ultimate 2020.1 x64/ideaIU-2020.1.windows/lib/util.jar
Launcher Type: SUN_STANDARD

[Global flags]
     intx CICompilerCount                          = 3                                         {product} {ergonomic}
     uint ConcGCThreads                            = 2                                         {product} {ergonomic}
     uint G1ConcRefinementThreads                  = 6                                         {product} {ergonomic}
   size_t G1HeapRegionSize                         = 1048576                                   {product} {ergonomic}
    uintx GCDrainStackTargetSize                   = 64                                        {product} {ergonomic}
   size_t InitialHeapSize                          = 201326592                                 {product} {ergonomic}
   size_t MarkStackSize                            = 4194304                                   {product} {ergonomic}
   size_t MaxHeapSize                              = 3212836864                                {product} {ergonomic}
   size_t MaxNewSize                               = 1927282688                                {product} {ergonomic}
   size_t MinHeapDeltaBytes                        = 1048576                                   {product} {ergonomic}
    uintx NonNMethodCodeHeapSize                   = 5830732                                {pd product} {ergonomic}
    uintx NonProfiledCodeHeapSize                  = 122913754                              {pd product} {ergonomic}
    uintx ProfiledCodeHeapSize                     = 122913754                              {pd product} {ergonomic}
    uintx ReservedCodeCacheSize                    = 251658240                              {pd product} {ergonomic}
     bool SegmentedCodeCache                       = true                                      {product} {ergonomic}
     bool UseCompressedClassPointers               = true                                 {lp64_product} {ergonomic}
     bool UseCompressedOops                        = true                                 {lp64_product} {ergonomic}
     bool UseG1GC                                  = true                                      {product} {ergonomic}
     bool UseLargePagesIndividualAllocation        = false                                  {pd product} {ergonomic}

Logging:
Log output configuration:
 #0: stdout all=warning uptime,level,tags
 #1: stderr all=off uptime,level,tags

Environment Variables:
PATH=C:/Program Files/Git/mingw64/libexec/git-core;C:/Program Files/Git/mingw64/libexec/git-core;C:\Program Files\Git\mingw64\bin;C:\Program Files\Git\usr\bin;C:\Users\user\bin;C:\Program Files\AdoptOpenJDK\jdk-11.0.11.9-hotspot\bin;C:\WINDOWS\system32;C:\WINDOWS;C:\WINDOWS\System32\Wbem;C:\WINDOWS\System32\WindowsPowerShell\v1.0\;C:\WINDOWS\System32\OpenSSH\;C:\Program Files\Git\cmd;C:\Users\user\AppData\Local\Microsoft\WindowsApps;C:\Users\user\AppData\Local\Programs\Microsoft VS Code\bin;C:\Users\user\AppData\Local\GitHubDesktop\bin
USERNAME=user
DISPLAY=:0.0
OS=Windows_NT
PROCESSOR_IDENTIFIER=AMD64 Family 21 Model 2 Stepping 0, AuthenticAMD



---------------  S Y S T E M  ---------------

OS: Windows 10 , 64 bit Build 19041 (10.0.19041.1348)

CPU:total 6 (initial active 6) (6 cores per cpu, 1 threads per core) family 21 model 2 stepping 0, cmov, cx8, fxsr, mmx, sse, sse2, sse3, ssse3, sse4.1, sse4.2, popcnt, avx, aes, clmul, mmxext, 3dnowpref, lzcnt, sse4a, tsc, tscinvbit, tscinv, bmi1, fma

Memory: 4k page, system-wide physical 12252M (2784M free)
TotalPageFile size 14300M (AvailPageFile size 15M)
current process WorkingSet (physical memory assigned to process): 18M, peak: 18M
current process commit charge ("private bytes"): 257M, peak: 258M

vm_info: OpenJDK 64-Bit Server VM (11.0.6+8-b765.25) for windows-amd64 JRE (11.0.6+8-b765.25), built on Mar 30 2020 12:57:22 by "" with MS VC++ 14.0 (VS2015)

END.
